<?xml version="1.0" encoding="UTF-8"?>
<!-- Generated by org.testng.reporters.JUnitReportReporter -->
<testsuite hostname="DESKTOP-76T2GE2" failures="0" tests="1" name="com.ctect.TestCases.login_test_01" time="0.638" errors="0" timestamp="2024-07-18T09:44:17 IST" skipped="0">
  <testcase classname="com.ctect.TestCases.login_test_01" name="login" time="0.638"/>
  <system-out/>
</testsuite> <!-- com.ctect.TestCases.login_test_01 -->
